<?xml version="1.0" encoding="UTF-8"?>
<!-- Generated by org.testng.reporters.JUnitReportReporter -->
<testsuite name="automotation.DensityCalculator" tests="4" time="18.514" ignored="24" failures="0" timestamp="06 mars 2017 01:15:54 GMT" skipped="0" hostname="Maram-PC" errors="0">
  <testcase name="densityCalculate" time="2.949" classname="automotation.DensityCalculator"/>
  <testcase name="densityCalculate" time="2.802" classname="automotation.DensityCalculator"/>
  <testcase name="densityCalculate" time="4.466" classname="automotation.DensityCalculator"/>
  <testcase name="densityCalculate" time="8.297" classname="automotation.DensityCalculator"/>
  <testcase name="closeBrowser" classname="automotation.Hooks">
    <skipped/>
  </testcase> <!-- closeBrowser -->
  <testcase name="closeBrowser" classname="automotation.Hooks">
    <skipped/>
  </testcase> <!-- closeBrowser -->
  <testcase name="closeBrowser" classname="automotation.Hooks">
    <skipped/>
  </testcase> <!-- closeBrowser -->
  <testcase name="closeBrowser" classname="automotation.Hooks">
    <skipped/>
  </testcase> <!-- closeBrowser -->
  <testcase name="closeBrowser" classname="automotation.Hooks">
    <skipped/>
  </testcase> <!-- closeBrowser -->
  <testcase name="closeBrowser" classname="automotation.Hooks">
    <skipped/>
  </testcase> <!-- closeBrowser -->
  <testcase name="BeforeSuite" classname="automotation.Hooks">
    <skipped/>
  </testcase> <!-- BeforeSuite -->
  <testcase name="BeforeSuite" classname="automotation.Hooks">
    <skipped/>
  </testcase> <!-- BeforeSuite -->
  <testcase name="BeforeSuite" classname="automotation.Hooks">
    <skipped/>
  </testcase> <!-- BeforeSuite -->
  <testcase name="BeforeSuite" classname="automotation.Hooks">
    <skipped/>
  </testcase> <!-- BeforeSuite -->
  <testcase name="BeforeSuite" classname="automotation.Hooks">
    <skipped/>
  </testcase> <!-- BeforeSuite -->
  <testcase name="BeforeSuite" classname="automotation.Hooks">
    <skipped/>
  </testcase> <!-- BeforeSuite -->
  <testcase name="initialiseBrowser" classname="automotation.Hooks">
    <skipped/>
  </testcase> <!-- initialiseBrowser -->
  <testcase name="initialiseBrowser" classname="automotation.Hooks">
    <skipped/>
  </testcase> <!-- initialiseBrowser -->
  <testcase name="initialiseBrowser" classname="automotation.Hooks">
    <skipped/>
  </testcase> <!-- initialiseBrowser -->
  <testcase name="initialiseBrowser" classname="automotation.Hooks">
    <skipped/>
  </testcase> <!-- initialiseBrowser -->
  <testcase name="initialiseBrowser" classname="automotation.Hooks">
    <skipped/>
  </testcase> <!-- initialiseBrowser -->
  <testcase name="initialiseBrowser" classname="automotation.Hooks">
    <skipped/>
  </testcase> <!-- initialiseBrowser -->
  <testcase name="AftereSuite" classname="automotation.Hooks">
    <skipped/>
  </testcase> <!-- AftereSuite -->
  <testcase name="AftereSuite" classname="automotation.Hooks">
    <skipped/>
  </testcase> <!-- AftereSuite -->
  <testcase name="AftereSuite" classname="automotation.Hooks">
    <skipped/>
  </testcase> <!-- AftereSuite -->
  <testcase name="AftereSuite" classname="automotation.Hooks">
    <skipped/>
  </testcase> <!-- AftereSuite -->
  <testcase name="AftereSuite" classname="automotation.Hooks">
    <skipped/>
  </testcase> <!-- AftereSuite -->
  <testcase name="AftereSuite" classname="automotation.Hooks">
    <skipped/>
  </testcase> <!-- AftereSuite -->
</testsuite> <!-- automotation.DensityCalculator -->
